<?xml version="1.0" encoding="UTF-8"?>
<testng-results skipped="0" failed="0" ignored="0" total="2" passed="2">
  <reporter-output>
  </reporter-output>
  <suite name="Default suite" duration-ms="34767" started-at="2018-10-26T17:37:43Z" finished-at="2018-10-26T17:38:18Z">
    <groups>
    </groups>
    <test name="Default test" duration-ms="34767" started-at="2018-10-26T17:37:43Z" finished-at="2018-10-26T17:38:18Z">
      <class name="DataProvider">
        <test-method status="PASS" signature="Setup()[pri:0, instance:DataProvider@11161c7]" name="Setup" is-config="true" duration-ms="13308" started-at="2018-10-26T17:37:43Z" finished-at="2018-10-26T17:37:56Z">
          <reporter-output>
          </reporter-output>
        </test-method> <!-- Setup -->
        <test-method status="PASS" signature="getdata(FreeCRMData)[pri:0, instance:DataProvider@11161c7]" name="getdata" duration-ms="3549" started-at="2018-10-26T17:37:56Z" data-provider="TestData" finished-at="2018-10-26T17:38:00Z">
          <params>
            <param index="0">
              <value>
                <![CDATA[FreeCRMData@7d605]]>
              </value>
            </param>
          </params>
          <reporter-output>
          </reporter-output>
        </test-method> <!-- getdata -->
        <test-method status="PASS" signature="teardown()[pri:0, instance:DataProvider@11161c7]" name="teardown" is-config="true" duration-ms="687" started-at="2018-10-26T17:38:00Z" finished-at="2018-10-26T17:38:01Z">
          <reporter-output>
          </reporter-output>
        </test-method> <!-- teardown -->
        <test-method status="PASS" signature="Setup()[pri:0, instance:DataProvider@11161c7]" name="Setup" is-config="true" duration-ms="12906" started-at="2018-10-26T17:38:01Z" finished-at="2018-10-26T17:38:13Z">
          <reporter-output>
          </reporter-output>
        </test-method> <!-- Setup -->
        <test-method status="PASS" signature="getdata(FreeCRMData)[pri:0, instance:DataProvider@11161c7]" name="getdata" duration-ms="3450" started-at="2018-10-26T17:38:13Z" data-provider="TestData" finished-at="2018-10-26T17:38:17Z">
          <params>
            <param index="0">
              <value>
                <![CDATA[FreeCRMData@1517588]]>
              </value>
            </param>
          </params>
          <reporter-output>
          </reporter-output>
        </test-method> <!-- getdata -->
        <test-method status="PASS" signature="teardown()[pri:0, instance:DataProvider@11161c7]" name="teardown" is-config="true" duration-ms="718" started-at="2018-10-26T17:38:17Z" finished-at="2018-10-26T17:38:18Z">
          <reporter-output>
          </reporter-output>
        </test-method> <!-- teardown -->
      </class> <!-- DataProvider -->
    </test> <!-- Default test -->
  </suite> <!-- Default suite -->
</testng-results>
